[    0.000000] Linux version 4.15.0-136-generic (buildd@lcy01-amd64-029) (gcc version 7.5.0 (Ubuntu 7.5.0-3ubuntu1~18.04)) #140-Ubuntu SMP Thu Jan 28 05:20:47 UTC 2021 (Ubuntu 4.15.0-136.140-generic 4.15.18)
[    0.000000] Command line: BOOT_IMAGE=/boot/vmlinuz-4.15.0-136-generic root=LABEL=cloudimg-rootfs ro console=tty1 console=ttyS0
[    0.000000] KERNEL supported cpus:
[    0.000000]   Intel GenuineIntel
[    0.000000]   AMD AuthenticAMD
[    0.000000]   Centaur CentaurHauls
[    0.000000] x86/fpu: x87 FPU will use FXSAVE
[    0.000000] e820: BIOS-provided physical RAM map:
[    0.000000] BIOS-e820: [mem 0x0000000000000000-0x000000000009fbff] usable
[    0.000000] BIOS-e820: [mem 0x000000000009fc00-0x000000000009ffff] reserved
[    0.000000] BIOS-e820: [mem 0x00000000000f0000-0x00000000000fffff] reserved
[    0.000000] BIOS-e820: [mem 0x0000000000100000-0x000000003ffeffff] usable
[    0.000000] BIOS-e820: [mem 0x000000003fff0000-0x000000003fffffff] ACPI data
[    0.000000] BIOS-e820: [mem 0x00000000fec00000-0x00000000fec00fff] reserved
[    0.000000] BIOS-e820: [mem 0x00000000fee00000-0x00000000fee00fff] reserved
[    0.000000] BIOS-e820: [mem 0x00000000fffc0000-0x00000000ffffffff] reserved
[    0.000000] NX (Execute Disable) protection: active
[    0.000000] SMBIOS 2.5 present.
[    0.000000] DMI: innotek GmbH VirtualBox/VirtualBox, BIOS VirtualBox 12/01/2006
[    0.000000] Hypervisor detected: KVM
[    0.000000] e820: last_pfn = 0x3fff0 max_arch_pfn = 0x400000000
[    0.000000] MTRR: Disabled
[    0.000000] x86/PAT: MTRRs disabled, skipping PAT initialization too.
[    0.000000] CPU MTRRs all blank - virtualized system.
[    0.000000] x86/PAT: Configuration [0-7]: WB  WT  UC- UC  WB  WT  UC- UC  
[    0.000000] found SMP MP-table at [mem 0x0009fff0-0x0009ffff]
[    0.000000] Scanning 1 areas for low memory corruption
[    0.000000] RAMDISK: [mem 0x35a63000-0x36d28fff]
[    0.000000] ACPI: Early table checksum verification disabled
[    0.000000] ACPI: RSDP 0x00000000000E0000 000024 (v02 VBOX  )
[    0.000000] ACPI: XSDT 0x000000003FFF0030 00003C (v01 VBOX   VBOXXSDT 00000001 ASL  00000061)
[    0.000000] ACPI: FACP 0x000000003FFF00F0 0000F4 (v04 VBOX   VBOXFACP 00000001 ASL  00000061)
[    0.000000] ACPI: DSDT 0x000000003FFF0470 002325 (v02 VBOX   VBOXBIOS 00000002 INTL 20100528)
[    0.000000] ACPI: FACS 0x000000003FFF0200 000040
[    0.000000] ACPI: FACS 0x000000003FFF0200 000040
[    0.000000] ACPI: APIC 0x000000003FFF0240 00005C (v02 VBOX   VBOXAPIC 00000001 ASL  00000061)
[    0.000000] ACPI: SSDT 0x000000003FFF02A0 0001CC (v01 VBOX   VBOXCPUT 00000002 INTL 20100528)
[    0.000000] No NUMA configuration found
[    0.000000] Faking a node at [mem 0x0000000000000000-0x000000003ffeffff]
[    0.000000] NODE_DATA(0) allocated [mem 0x3ffc5000-0x3ffeffff]
[    0.000000] kvm-clock: cpu 0, msr 0:3ff44001, primary cpu clock
[    0.000000] kvm-clock: Using msrs 4b564d01 and 4b564d00
[    0.000000] kvm-clock: using sched offset of 7294916560 cycles
[    0.000000] clocksource: kvm-clock: mask: 0xffffffffffffffff max_cycles: 0x1cd42e4dffb, max_idle_ns: 881590591483 ns
[    0.000000] Zone ranges:
[    0.000000]   DMA      [mem 0x0000000000001000-0x0000000000ffffff]
[    0.000000]   DMA32    [mem 0x0000000001000000-0x000000003ffeffff]
[    0.000000]   Normal   empty
[    0.000000]   Device   empty
[    0.000000] Movable zone start for each node
[    0.000000] Early memory node ranges
[    0.000000]   node   0: [mem 0x0000000000001000-0x000000000009efff]
[    0.000000]   node   0: [mem 0x0000000000100000-0x000000003ffeffff]
[    0.000000] Reserved but unavailable: 98 pages
[    0.000000] Initmem setup node 0 [mem 0x0000000000001000-0x000000003ffeffff]
[    0.000000] ACPI: PM-Timer IO Port: 0x4008
[    0.000000] IOAPIC[0]: apic_id 2, version 32, address 0xfec00000, GSI 0-23
[    0.000000] ACPI: INT_SRC_OVR (bus 0 bus_irq 0 global_irq 2 dfl dfl)
[    0.000000] ACPI: INT_SRC_OVR (bus 0 bus_irq 9 global_irq 9 low level)
[    0.000000] Using ACPI (MADT) for SMP configuration information
[    0.000000] smpboot: Allowing 2 CPUs, 0 hotplug CPUs
[    0.000000] PM: Registered nosave memory: [mem 0x00000000-0x00000fff]
[    0.000000] PM: Registered nosave memory: [mem 0x0009f000-0x0009ffff]
[    0.000000] PM: Registered nosave memory: [mem 0x000a0000-0x000effff]
[    0.000000] PM: Registered nosave memory: [mem 0x000f0000-0x000fffff]
[    0.000000] e820: [mem 0x40000000-0xfebfffff] available for PCI devices
[    0.000000] Booting paravirtualized kernel on KVM
[    0.000000] clocksource: refined-jiffies: mask: 0xffffffff max_cycles: 0xffffffff, max_idle_ns: 7645519600211568 ns
[    0.000000] random: get_random_bytes called from start_kernel+0x99/0x500 with crng_init=0
[    0.000000] setup_percpu: NR_CPUS:8192 nr_cpumask_bits:2 nr_cpu_ids:2 nr_node_ids:1
[    0.000000] percpu: Embedded 45 pages/cpu s147456 r8192 d28672 u1048576
[    0.000000] PV qspinlock hash table entries: 256 (order: 0, 4096 bytes)
[    0.000000] Built 1 zonelists, mobility grouping on.  Total pages: 257913
[    0.000000] Policy zone: DMA32
[    0.000000] Kernel command line: BOOT_IMAGE=/boot/vmlinuz-4.15.0-136-generic root=LABEL=cloudimg-rootfs ro console=tty1 console=ttyS0
[    0.000000] Memory: 983020K/1048120K available (12300K kernel code, 2482K rwdata, 4276K rodata, 2440K init, 2724K bss, 65100K reserved, 0K cma-reserved)
[    0.000000] SLUB: HWalign=64, Order=0-3, MinObjects=0, CPUs=2, Nodes=1
[    0.000000] Kernel/User page tables isolation: enabled
[    0.000000] ftrace: allocating 39427 entries in 155 pages
[    0.004000] Hierarchical RCU implementation.
[    0.004000] 	RCU restricting CPUs from NR_CPUS=8192 to nr_cpu_ids=2.
[    0.004000] 	Tasks RCU enabled.
[    0.004000] RCU: Adjusting geometry for rcu_fanout_leaf=16, nr_cpu_ids=2
[    0.004000] NR_IRQS: 524544, nr_irqs: 440, preallocated irqs: 16
[    0.004000] Console: colour VGA+ 80x25
[    0.004000] console [tty1] enabled
[    0.004000] console [ttyS0] enabled
[    0.004000] ACPI: Core revision 20170831
[    0.004000] ACPI: 2 ACPI AML tables successfully acquired and loaded
[    0.004000] APIC: Switch to symmetric I/O mode setup
[    0.004000] ..TIMER: vector=0x30 apic1=0 pin1=2 apic2=-1 pin2=-1
[    0.004006] tsc: Detected 2495.998 MHz processor
[    0.008053] Calibrating delay loop (skipped) preset value.. 4991.99 BogoMIPS (lpj=9983992)
[    0.012008] pid_max: default: 32768 minimum: 301
[    0.016100] Security Framework initialized
[    0.020006] Yama: becoming mindful.
[    0.024125] AppArmor: AppArmor initialized
[    0.036138] Dentry cache hash table entries: 131072 (order: 8, 1048576 bytes)
[    0.045531] Inode-cache hash table entries: 65536 (order: 7, 524288 bytes)
[    0.048114] Mount-cache hash table entries: 2048 (order: 2, 16384 bytes)
[    0.052117] Mountpoint-cache hash table entries: 2048 (order: 2, 16384 bytes)
[    0.057685] Last level iTLB entries: 4KB 128, 2MB 8, 4MB 8
[    0.060017] Last level dTLB entries: 4KB 64, 2MB 0, 4MB 0, 1GB 4
[    0.064009] Spectre V1 : Mitigation: usercopy/swapgs barriers and __user pointer sanitization
[    0.068007] Spectre V2 : Mitigation: Full generic retpoline
[    0.072005] Spectre V2 : Spectre v2 / SpectreRSB mitigation: Filling RSB on context switch
[    0.076029] Speculative Store Bypass: Vulnerable
[    0.080053] MDS: Vulnerable: Clear CPU buffers attempted, no microcode
[    0.088193] Freeing SMP alternatives memory: 36K
[    0.206277] smpboot: CPU0: Intel(R) Core(TM) i5-6500T CPU @ 2.50GHz (family: 0x6, model: 0x5e, stepping: 0x3)
[    0.212064] Performance Events: unsupported p6 CPU model 94 no PMU driver, software events only.
[    0.216188] Hierarchical SRCU implementation.
[    0.224730] NMI watchdog: Perf event create on CPU 0 failed with -2
[    0.228007] NMI watchdog: Perf NMI watchdog permanently disabled
[    0.232479] smp: Bringing up secondary CPUs ...
[    0.237531] x86: Booting SMP configuration:
[    0.240027] .... node  #0, CPUs:      #1
[    0.004000] kvm-clock: cpu 1, msr 0:3ff44041, secondary cpu clock
[    0.250971] TSC synchronization [CPU#0 -> CPU#1]:
[    0.252000] Measured 53534 cycles TSC warp between CPUs, turning off TSC clock.
[    0.252000] tsc: Marking TSC unstable due to check_tsc_sync_source failed
[    0.256371] smp: Brought up 1 node, 2 CPUs
[    0.260007] smpboot: Max logical packages: 1
[    0.264005] smpboot: Total of 2 processors activated (9983.99 BogoMIPS)
[    0.272020] devtmpfs: initialized
[    0.276155] x86/mm: Memory block size: 128MB
[    0.280555] evm: security.selinux
[    0.284007] evm: security.SMACK64
[    0.288007] evm: security.SMACK64EXEC
[    0.292006] evm: security.SMACK64TRANSMUTE
[    0.296004] evm: security.SMACK64MMAP
[    0.300004] evm: security.apparmor
[    0.304005] evm: security.ima
[    0.308003] evm: security.capability
[    0.312763] clocksource: jiffies: mask: 0xffffffff max_cycles: 0xffffffff, max_idle_ns: 7645041785100000 ns
[    0.316019] futex hash table entries: 512 (order: 3, 32768 bytes)
[    0.324623] pinctrl core: initialized pinctrl subsystem
[    0.328441] RTC time: 20:52:14, date: 03/05/21
[    0.337449] NET: Registered protocol family 16
[    0.340170] audit: initializing netlink subsys (disabled)
[    0.344313] audit: type=2000 audit(1614977542.648:1): state=initialized audit_enabled=0 res=1
[    0.356007] cpuidle: using governor ladder
[    0.360010] cpuidle: using governor menu
[    0.364044] ACPI: bus type PCI registered
[    0.368004] acpiphp: ACPI Hot Plug PCI Controller Driver version: 0.5
[    0.372666] PCI: Using configuration type 1 for base access
[    0.388571] HugeTLB registered 2.00 MiB page size, pre-allocated 0 pages
[    0.397016] ACPI: Added _OSI(Module Device)
[    0.400019] ACPI: Added _OSI(Processor Device)
[    0.404005] ACPI: Added _OSI(3.0 _SCP Extensions)
[    0.408005] ACPI: Added _OSI(Processor Aggregator Device)
[    0.412005] ACPI: Added _OSI(Linux-Dell-Video)
[    0.416007] ACPI: Added _OSI(Linux-Lenovo-NV-HDMI-Audio)
[    0.420006] ACPI: Added _OSI(Linux-HPI-Hybrid-Graphics)
[    0.429008] ACPI: Executed 1 blocks of module-level executable AML code
[    0.438255] ACPI: Interpreter enabled
[    0.440022] ACPI: (supports S0 S5)
[    0.444004] ACPI: Using IOAPIC for interrupt routing
[    0.448462] PCI: Using host bridge windows from ACPI; if necessary, use "pci=nocrs" and report a bug
[    0.452255] ACPI: Enabled 2 GPEs in block 00 to 07
[    0.470044] ACPI: PCI Root Bridge [PCI0] (domain 0000 [bus 00-ff])
[    0.472012] acpi PNP0A03:00: _OSC: OS supports [ASPM ClockPM Segments MSI]
[    0.476870] acpi PNP0A03:00: _OSC: not requesting OS control; OS requires [ExtendedConfig ASPM ClockPM MSI]
[    0.480016] acpi PNP0A03:00: fail to add MMCONFIG information, can't access extended PCI configuration space under this bridge.
[    0.484737] PCI host bridge to bus 0000:00
[    0.488006] pci_bus 0000:00: root bus resource [io  0x0000-0x0cf7 window]
[    0.492005] pci_bus 0000:00: root bus resource [io  0x0d00-0xffff window]
[    0.496005] pci_bus 0000:00: root bus resource [mem 0x000a0000-0x000bffff window]
[    0.500006] pci_bus 0000:00: root bus resource [mem 0x40000000-0xfdffffff window]
[    0.504006] pci_bus 0000:00: root bus resource [bus 00-ff]
[    0.516577] pci 0000:00:01.1: legacy IDE quirk: reg 0x10: [io  0x01f0-0x01f7]
[    0.520005] pci 0000:00:01.1: legacy IDE quirk: reg 0x14: [io  0x03f6]
[    0.524006] pci 0000:00:01.1: legacy IDE quirk: reg 0x18: [io  0x0170-0x0177]
[    0.528004] pci 0000:00:01.1: legacy IDE quirk: reg 0x1c: [io  0x0376]
[    0.595733] pci 0000:00:07.0: quirk: [io  0x4000-0x403f] claimed by PIIX4 ACPI
[    0.596049] pci 0000:00:07.0: quirk: [io  0x4100-0x410f] claimed by PIIX4 SMB
[    0.606728] ACPI: PCI Interrupt Link [LNKA] (IRQs 5 9 10 *11)
[    0.608582] ACPI: PCI Interrupt Link [LNKB] (IRQs 5 9 *10 11)
[    0.612274] ACPI: PCI Interrupt Link [LNKC] (IRQs 5 *9 10 11)
[    0.616235] ACPI: PCI Interrupt Link [LNKD] (IRQs 5 9 10 *11)
[    0.625224] SCSI subsystem initialized
[    0.628613] pci 0000:00:02.0: vgaarb: setting as boot VGA device
[    0.632000] pci 0000:00:02.0: vgaarb: VGA device added: decodes=io+mem,owns=io+mem,locks=none
[    0.632013] pci 0000:00:02.0: vgaarb: bridge control possible
[    0.636008] vgaarb: loaded
[    0.640119] ACPI: bus type USB registered
[    0.644093] usbcore: registered new interface driver usbfs
[    0.648033] usbcore: registered new interface driver hub
[    0.652277] usbcore: registered new device driver usb
[    0.657288] EDAC MC: Ver: 3.0.0
[    0.664790] PCI: Using ACPI for IRQ routing
[    0.668726] NetLabel: Initializing
[    0.672005] NetLabel:  domain hash size = 128
[    0.676010] NetLabel:  protocols = UNLABELED CIPSOv4 CALIPSO
[    0.680044] NetLabel:  unlabeled traffic allowed by default
[    0.688793] clocksource: Switched to clocksource kvm-clock
[    0.767810] VFS: Disk quotas dquot_6.6.0
[    0.774939] VFS: Dquot-cache hash table entries: 512 (order 0, 4096 bytes)
[    0.778625] AppArmor: AppArmor Filesystem Enabled
[    0.778625] pnp: PnP ACPI init
[    0.778625] pnp: PnP ACPI: found 3 devices
[    0.858090] clocksource: acpi_pm: mask: 0xffffff max_cycles: 0xffffff, max_idle_ns: 2085701024 ns
[    0.860276] NET: Registered protocol family 2
[    0.871848] TCP established hash table entries: 8192 (order: 4, 65536 bytes)
[    0.881504] TCP bind hash table entries: 8192 (order: 5, 131072 bytes)
[    0.888973] TCP: Hash tables configured (established 8192 bind 8192)
[    0.892247] UDP hash table entries: 512 (order: 2, 16384 bytes)
[    0.892247] UDP-Lite hash table entries: 512 (order: 2, 16384 bytes)
[    0.892247] NET: Registered protocol family 1
[    0.892247] pci 0000:00:00.0: Limiting direct PCI/PCI transfers
[    0.892247] pci 0000:00:01.0: Activating ISA DMA hang workarounds
[    0.892247] pci 0000:00:02.0: Video device with shadowed ROM at [mem 0x000c0000-0x000dffff]
[    0.892247] Unpacking initramfs...
[    1.653836] Freeing initrd memory: 19224K
[    1.659359] clocksource: tsc: mask: 0xffffffffffffffff max_cycles: 0x23fa754787d, max_idle_ns: 440795210092 ns
[    1.672271] platform rtc_cmos: registered platform RTC device (no PNP device found)
[    1.680609] Scanning for low memory corruption every 60 seconds
[    1.690267] Initialise system trusted keyrings
[    1.695754] Key type blacklist registered
[    1.701641] workingset: timestamp_bits=36 max_order=18 bucket_order=0
[    1.713940] zbud: loaded
[    1.718938] squashfs: version 4.0 (2009/01/31) Phillip Lougher
[    1.727128] fuse init (API version 7.26)
[    1.775506] Key type asymmetric registered
[    1.780800] Asymmetric key parser 'x509' registered
[    1.785767] Block layer SCSI generic (bsg) driver version 0.4 loaded (major 246)
[    1.794111] io scheduler noop registered
[    1.798747] io scheduler deadline registered
[    1.804456] io scheduler cfq registered (default)
[    1.814172] ACPI: AC Adapter [AC] (on-line)
[    1.818917] input: Power Button as /devices/LNXSYSTM:00/LNXPWRBN:00/input/input0
[    1.826242] ACPI: Power Button [PWRF]
[    1.831752] input: Sleep Button as /devices/LNXSYSTM:00/LNXSLPBN:00/input/input1
[    1.840878] ACPI: Sleep Button [SLPF]
[    1.846985] Serial: 8250/16550 driver, 32 ports, IRQ sharing enabled
[    1.880871] 00:02: ttyS0 at I/O 0x3f8 (irq = 4, base_baud = 115200) is a 16550A
[    1.910689] Linux agpgart interface v0.103
[    1.922849] loop: module loaded
[    1.929108] scsi host0: ata_piix
[    1.933803] scsi host1: ata_piix
[    1.937336] ata1: PATA max UDMA/33 cmd 0x1f0 ctl 0x3f6 bmdma 0xd000 irq 14
[    1.941206] ata2: PATA max UDMA/33 cmd 0x170 ctl 0x376 bmdma 0xd008 irq 15
[    1.950501] libphy: Fixed MDIO Bus: probed
[    1.956098] tun: Universal TUN/TAP device driver, 1.6
[    1.961734] PPP generic driver version 2.4.2
[    1.967038] ehci_hcd: USB 2.0 'Enhanced' Host Controller (EHCI) Driver
[    1.974690] ehci-pci: EHCI PCI platform driver
[    1.979989] ehci-platform: EHCI generic platform driver
[    1.986836] ohci_hcd: USB 1.1 'Open' Host Controller (OHCI) Driver
[    1.994146] ohci-pci: OHCI PCI platform driver
[    1.999170] ohci-platform: OHCI generic platform driver
[    2.004848] uhci_hcd: USB Universal Host Controller Interface driver
[    2.011905] i8042: PNP: PS/2 Controller [PNP0303:PS2K,PNP0f03:PS2M] at 0x60,0x64 irq 1,12
[    2.023903] serio: i8042 KBD port at 0x60,0x64 irq 1
[    2.030148] serio: i8042 AUX port at 0x60,0x64 irq 12
[    2.036988] mousedev: PS/2 mouse device common for all mice
[    2.047242] rtc_cmos rtc_cmos: rtc core: registered rtc_cmos as rtc0
[    2.055760] rtc_cmos rtc_cmos: alarms up to one day, 114 bytes nvram
[    2.063477] input: AT Translated Set 2 keyboard as /devices/platform/i8042/serio0/input/input2
[    2.068896] i2c /dev entries driver
[    2.078447] device-mapper: uevent: version 1.0.3
[    2.084031] device-mapper: ioctl: 4.37.0-ioctl (2017-09-20) initialised: dm-devel@redhat.com
[    2.095403] ledtrig-cpu: registered to indicate activity on CPUs
[    2.107405] NET: Registered protocol family 10
[    2.187766] Segment Routing with IPv6
[    2.191948] NET: Registered protocol family 17
[    2.198166] Key type dns_resolver registered
[    2.204466] mce: Using 0 MCE banks
[    2.209144] RAS: Correctable Errors collector initialized.
[    2.214575] sched_clock: Marking stable (2214440825, 0)->(3383625349, -1169184524)
[    2.228688] registered taskstats version 1
[    2.233252] Loading compiled-in X.509 certificates
[    2.243795] Loaded X.509 cert 'Build time autogenerated kernel key: c356b48d5f070be9e15fb09bbd57426939f0386e'
[    2.255855] zswap: loaded using pool lzo/zbud
[    2.273317] Key type big_key registered
[    2.277724] Key type trusted registered
[    2.286582] Key type encrypted registered
[    2.290643] AppArmor: AppArmor sha1 policy hashing enabled
[    2.296651] ima: No TPM chip found, activating TPM-bypass! (rc=-19)
[    2.303002] ima: Allocated hash algorithm: sha1
[    2.308223] evm: HMAC attrs: 0x1
[    2.312567]   Magic number: 13:816:901
[    2.316946] clocksource clocksource0: hash matches
[    2.322391] acpi PNP0501:01: hash matches
[    2.327511] rtc_cmos rtc_cmos: setting system clock to 2021-03-05 20:52:16 UTC (1614977536)
[    2.337966] BIOS EDD facility v0.16 2004-Jun-25, 0 devices found
[    2.343798] EDD information not available.
[    2.353243] Freeing unused kernel image memory: 2440K
[    2.382359] Write protecting the kernel read-only data: 20480k
[    2.389574] Freeing unused kernel image memory: 2008K
[    2.396403] Freeing unused kernel image memory: 1868K
[    2.407990] x86/mm: Checked W+X mappings: passed, no W+X pages found.
[    2.414303] x86/mm: Checking user space page tables
[    2.425206] x86/mm: Checked W+X mappings: passed, no W+X pages found.
Loading, please wait...
starting version 237
[    2.562591] e1000: Intel(R) PRO/1000 Network Driver - version 7.3.21-k8-NAPI
[    2.570566] e1000: Copyright (c) 1999-2006 Intel Corporation.
[    2.581672] Fusion MPT base driver 3.04.20
[    2.586493] Copyright (c) 1999-2008 LSI Corporation
[    2.617650] Fusion MPT SPI Host driver 3.04.20
[    2.838768] input: ImExPS/2 Generic Explorer Mouse as /devices/platform/i8042/serio1/input/input4
[    3.451941] e1000 0000:00:03.0 eth0: (PCI:33MHz:32-bit) 02:dd:e5:eb:6c:77
[    3.461318] e1000 0000:00:03.0 eth0: Intel(R) PRO/1000 Network Connection
[    3.471042] mptbase: ioc0: Initiating bringup
[    3.472030] e1000 0000:00:03.0 enp0s3: renamed from eth0
[    3.579349] ioc0: LSI53C1030 A0: Capabilities={Initiator}
[    3.842985] scsi host2: ioc0: LSI53C1030 A0, FwRev=00000000h, Ports=1, MaxQ=256, IRQ=20
[    4.022302] scsi 2:0:0:0: Direct-Access     VBOX     HARDDISK         1.0  PQ: 0 ANSI: 5
[    4.068727] scsi target2:0:0: Beginning Domain Validation
[    4.083674] scsi target2:0:0: Domain Validation skipping write tests
[    4.091801] scsi target2:0:0: Ending Domain Validation
[    4.099522] scsi target2:0:0: asynchronous
[    4.108970] random: fast init done
[    4.112708] scsi 2:0:1:0: Direct-Access     VBOX     HARDDISK         1.0  PQ: 0 ANSI: 5
[    4.152170] scsi target2:0:1: Beginning Domain Validation
[    4.168134] scsi target2:0:1: Domain Validation skipping write tests
[    4.174983] scsi target2:0:1: Ending Domain Validation
[    4.181689] scsi target2:0:1: asynchronous
[    4.202869] sd 2:0:0:0: Attached scsi generic sg0 type 0
[    4.203714] sd 2:0:0:0: [sda] 83886080 512-byte logical blocks: (42.9 GB/40.0 GiB)
[    4.216284] random: systemd-udevd: uninitialized urandom read (16 bytes read)
[    4.219134] sd 2:0:0:0: [sda] Write Protect is off
[    4.227549] random: systemd-udevd: uninitialized urandom read (16 bytes read)
[    4.242207] random: systemd-udevd: uninitialized urandom read (16 bytes read)
[    4.243597] sd 2:0:1:0: [sdb] 20480 512-byte logical blocks: (10.5 MB/10.0 MiB)
[    4.251765] sd 2:0:1:0: Attached scsi generic sg1 type 0
[    4.259239] sd 2:0:0:0: [sda] Incomplete mode parameter data
[    4.272952] sd 2:0:0:0: [sda] Assuming drive cache: write through
[    4.279323] sd 2:0:1:0: [sdb] Write Protect is off
[    4.287155] sd 2:0:1:0: [sdb] Incomplete mode parameter data
[    4.294351] sd 2:0:1:0: [sdb] Assuming drive cache: write through
[    4.324411]  sda: sda1
[    4.332574] sd 2:0:0:0: [sda] Attached SCSI disk
[    4.376942] sd 2:0:1:0: [sdb] Attached SCSI disk
Begin: Loading essential drivers ... [    7.649730] raid6: sse2x1   gen() 166108 MB/s
[    9.649794] raid6: sse2x1   xor() 136915 MB/s
[   11.648219] raid6: sse2x2   gen() 188392 MB/s
[   11.708783] raid6: sse2x2   xor()  2512 MB/s
[   11.760408] raid6: sse2x4   gen()  5602 MB/s
[   11.825659] raid6: sse2x4   xor()  6071 MB/s
[   11.831101] raid6: using algorithm sse2x2 gen() 188392 MB/s
[   11.838337] raid6: .... xor() 2512 MB/s, rmw enabled
[   11.849028] raid6: using ssse3x2 recovery algorithm
[   11.861522] xor: measuring software checksum speed
[   11.905022]    prefetch64-sse: 14457.000 MB/sec
[   11.952919]    generic_sse: 13073.000 MB/sec
[   11.958732] xor: using function: prefetch64-sse (14457.000 MB/sec)
[   11.968360] async_tx: api initialized (async)
done.
Begin: Running /scripts/init-premount ... done.
Begin: Mounting root file system ... Begin: Running /scripts/local-top ... done.
Begin: Running /scripts/local-premount ... [   12.081726] Btrfs loaded, crc32c=crc32c-intel
Scanning for Btrfs filesystems
done.
Warning: fsck not present, so skipping root file system
[   12.309245] EXT4-fs (sda1): mounted filesystem with ordered data mode. Opts: (null)
done.
Begin: Running /scripts/local-bottom ... done.
Begin: Running /scripts/init-bottom ... done.
[   14.023268] random: crng init done
[   14.027178] random: 7 urandom warning(s) missed due to ratelimiting
[   15.135035] ip_tables: (C) 2000-2006 Netfilter Core Team
[   15.298722] systemd[1]: systemd 237 running in system mode. (+PAM +AUDIT +SELINUX +IMA +APPARMOR +SMACK +SYSVINIT +UTMP +LIBCRYPTSETUP +GCRYPT +GNUTLS +ACL +XZ +LZ4 +SECCOMP +BLKID +ELFUTILS +KMOD -IDN2 +IDN -PCRE2 default-hierarchy=hybrid)
[   15.322090] systemd[1]: Detected virtualization oracle.
[   15.330175] systemd[1]: Detected architecture x86-64.

Welcome to [1mUbuntu 18.04.5 LTS[0m!

[   15.406187] systemd[1]: Set hostname to <ubuntu>.
[   15.469835] systemd[1]: Initializing machine ID from random generator.
[   15.477743] systemd[1]: Installed transient /etc/machine-id file.
[   17.833078] systemd[1]: Reached target System Time Synchronized.
[[0;32m  OK  [0m] Reached target System Time Synchronized.
[   17.887823] systemd[1]: Created slice System Slice.
[[0;32m  OK  [0m] Created slice System Slice.
[   17.899694] systemd[1]: Listening on udev Control Socket.
[[0;32m  OK  [0m] Listening on udev Control Socket.
[   17.907607] systemd[1]: Listening on Journal Socket.
[[0;32m  OK  [0m] Listening on Journal Socket.
         Mounting Huge Pages File System...
         Starting Create list of required st…ce nodes for the current kernel...
[[0;32m  OK  [0m] Reached target User and Group Name Lookups.
         Starting Set the console keyboard layout...
[[0;32m  OK  [0m] Listening on LVM2 metadata daemon socket.
[[0;32m  OK  [0m] Reached target Swap.
[[0;32m  OK  [0m] Listening on Journal Audit Socket.
[[0;32m  OK  [0m] Listening on Network Service Netlink Socket.
[[0;32m  OK  [0m] Listening on fsck to fsckd communication Socket.
[[0;32m  OK  [0m] Listening on Journal Socket (/dev/log).
         Mounting POSIX Message Queue File System...
[[0;32m  OK  [0m] Listening on Syslog Socket.
         Starting Journal Service...
[[0;32m  OK  [0m] Created slice User and Session Slice.
[[0;32m  OK  [0m] Reached target Slices.
[[0;32m  OK  [0m] Listening on udev Kernel Socket.
         Starting udev Coldplug all Devices...
[[0;32m  OK  [0m] Set up automount Arbitrary Executab…rmats File System Automount Point.
         Starting File System Check on Root Device...
         Starting Load Kernel Modules...
[[0;32m  OK  [0m] Listening on LVM2 poll daemon socket.
[[0;32m  OK  [0m] Created slice system-serial\x2dgetty.slice.
         Starting Uncomplicated firewall...
[[0;32m  OK  [0m] Listening on /dev/initctl Compatibility Named Pipe.
[[0;32m  OK  [0m] Listening on Device-mapper event daemon FIFOs.
         Starting Monitoring of LVM2 mirrors…ng dmeventd or progress polling...
[[0;32m  OK  [0m] Started Forward Password Requests to Wall Directory Watch.
[   18.239517] Loading iSCSI transport class v2.0-870.
         Mounting Kernel Debug File System...
[[0;32m  OK  [0m] Started Journal Service.
[[0;32m  OK  [0m] Mounted Huge Pages File System.
[[0;32m  OK  [0m] Started Create list of required sta…vice nodes for the current kernel.
[[0;32m  OK  [0m] Mounted POSIX Message Queue File System.
[[0;32m  OK  [0m] Started Uncomplicated firewall.
[[0;32m  OK  [0m] Mounted Kernel Debug File System.
[[0;32m  OK  [0m] Started File System Check Daemon to report status.
         Starting Create Static Device Nodes in /dev...
[   18.398391] iscsi: registered transport (tcp)
[[0;32m  OK  [0m] Started udev Coldplug all Devices.
[[0;32m  OK  [0m] Started Set the console keyboard layout.
[[0;32m  OK  [0m] Started File System Check on Root Device.
         Starting Remount Root and Kernel File Systems...
[[0;32m  OK  [0m] Started LVM2 metadata daemon.
[   18.873418] iscsi: registered transport (iser)
[[0;32m  OK  [0m] Started Load Kernel Modules.
         Starting Apply Kernel Variables...
         Mounting FUSE Control File System...
         Mounting Kernel Configuration File System...
[[0;32m  OK  [0m] Started Create Static Device Nodes in /dev.
[[0;32m  OK  [0m] Mounted FUSE Control File System.
[[0;32m  OK  [0m] Mounted Kernel Configuration File System.
[[0;32m  OK  [0m] Started Remount Root and Kernel File Systems.
         Starting udev Kernel Device Manager...
         Starting Flush Journal to Persistent Storage...
         Starting Load/Save Random Seed...
[[0;32m  OK  [0m] Started Apply Kernel Variables.
[[0;32m  OK  [0m] Started Monitoring of LVM2 mirrors,…sing dmeventd or progress polling.
[[0;32m  OK  [0m] Reached target Local File Systems (Pre).
[[0;32m  OK  [0m] Reached target Local File Systems.
         Starting ebtables ruleset management...
         Starting Set console font and keymap...
         Starting Tell Plymouth To Write Out Runtime Data...
         Starting Commit a transient machine-id on disk...
         Starting AppArmor initialization...
[[0;32m  OK  [0m] Started Load/Save Random Seed.
[[0;32m  OK  [0m] Started Set console font and keymap.
[[0;32m  OK  [0m] Started Tell Plymouth To Write Out Runtime Data.
[[0;32m  OK  [0m] Started udev Kernel Device Manager.
[[0;32m  OK  [0m] Started Dispatch Password Requests to Console Directory Watch.
[[0;32m  OK  [0m] Reached target Local Encrypted Volumes.
[[0;32m  OK  [0m] Started Commit a transient machine-id on disk.
[[0;32m  OK  [0m] Started Flush Journal to Persistent Storage.
         Starting Create Volatile Files and Directories...
[[0;32m  OK  [0m] Started Create Volatile Files and Directories.
         Starting Update UTMP about System Boot/Shutdown...
[[0;32m  OK  [0m] Started Update UTMP about System Boot/Shutdown.
[[0;32m  OK  [0m] Started ebtables ruleset management.
[[0;32m  OK  [0m] Found device /dev/ttyS0.
[[0;32m  OK  [0m] Listening on Load/Save RF Kill Switch Status /dev/rfkill Watch.
[[0;32m  OK  [0m] Started AppArmor initialization.
         Starting Initial cloud-init job (pre-networking)...
         Starting Load AppArmor profiles managed internally by snapd...
[[0;32m  OK  [0m] Started Load AppArmor profiles managed internally by snapd.
[   27.927768] cloud-init[541]: Cloud-init v. 20.4.1-0ubuntu1~18.04.1 running 'init-local' at Fri, 05 Mar 2021 20:52:41 +0000. Up 26.96 seconds.
[[0;32m  OK  [0m] Started Initial cloud-init job (pre-networking).
[[0;32m  OK  [0m] Reached target Network (Pre).
         Starting Network Service...
[[0;32m  OK  [0m] Started Network Service.
         Starting Wait for Network to be Configured...
         Starting Network Name Resolution...
[[0;32m  OK  [0m] Started Network Name Resolution.
[[0;32m  OK  [0m] Reached target Host and Network Name Lookups.
[[0;32m  OK  [0m] Reached target Network.
[[0;32m  OK  [0m] Started Wait for Network to be Configured.
         Starting Initial cloud-init job (metadata service crawler)...
[   30.484174] cloud-init[664]: Cloud-init v. 20.4.1-0ubuntu1~18.04.1 running 'init' at Fri, 05 Mar 2021 20:52:44 +0000. Up 30.21 seconds.
[   30.492344] cloud-init[664]: ci-info: ++++++++++++++++++++++++++++++++++++++Net device info++++++++++++++++++++++++++++++++++++++
[   30.497516] cloud-init[664]: ci-info: +--------+------+----------------------------+---------------+--------+-------------------+
[   30.505387] cloud-init[664]: ci-info: | Device |  Up  |          Address           |      Mask     | Scope  |     Hw-Address    |
[   30.512446] cloud-init[664]: ci-info: +--------+------+----------------------------+---------------+--------+-------------------+
[   30.517755] cloud-init[664]: ci-info: | enp0s3 | True |         10.0.2.15          | 255.255.255.0 | global | 02:dd:e5:eb:6c:77 |
[   30.525789] cloud-init[664]: ci-info: | enp0s3 | True | fe80::dd:e5ff:feeb:6c77/64 |       .       |  link  | 02:dd:e5:eb:6c:77 |
[   30.531649] cloud-init[664]: ci-info: |   lo   | True |         127.0.0.1          |   255.0.0.0   |  host  |         .         |
[   30.537630] cloud-init[664]: ci-info: |   lo   | True |          ::1/128           |       .       |  host  |         .         |
[   30.544741] cloud-init[664]: ci-info: +--------+------+----------------------------+---------------+--------+-------------------+
[   30.549817] cloud-init[664]: ci-info: ++++++++++++++++++++++++++++Route IPv4 info+++++++++++++++++++++++++++++
[   30.557155] cloud-init[664]: ci-info: +-------+-------------+----------+-----------------+-----------+-------+
[   30.567493] cloud-init[664]: ci-info: | Route | Destination | Gateway  |     Genmask     | Interface | Flags |
[   30.578649] cloud-init[664]: ci-info: +-------+-------------+----------+-----------------+-----------+-------+
[   30.588140] cloud-init[664]: ci-info: |   0   |   0.0.0.0   | 10.0.2.2 |     0.0.0.0     |   enp0s3  |   UG  |
[   30.596813] cloud-init[664]: ci-info: |   1   |   10.0.2.0  | 0.0.0.0  |  255.255.255.0  |   enp0s3  |   U   |
[   30.605754] cloud-init[664]: ci-info: |   2   |   10.0.2.2  | 0.0.0.0  | 255.255.255.255 |   enp0s3  |   UH  |
[   30.616537] cloud-init[664]: ci-info: +-------+-------------+----------+-----------------+-----------+-------+
[   30.627278] cloud-init[664]: ci-info: +++++++++++++++++++Route IPv6 info+++++++++++++++++++
[   30.634906] cloud-init[664]: ci-info: +-------+-------------+---------+-----------+-------+
[   30.645386] cloud-init[664]: ci-info: | Route | Destination | Gateway | Interface | Flags |
[   30.653818] cloud-init[664]: ci-info: +-------+-------------+---------+-----------+-------+
[   30.663045] cloud-init[664]: ci-info: |   1   |  fe80::/64  |    ::   |   enp0s3  |   U   |
[   30.670980] cloud-init[664]: ci-info: |   3   |    local    |    ::   |   enp0s3  |   U   |
[   30.681482] cloud-init[664]: ci-info: |   4   |   ff00::/8  |    ::   |   enp0s3  |   U   |
[   30.690546] cloud-init[664]: ci-info: +-------+-------------+---------+-----------+-------+
[   34.683205] cloud-init[664]: Generating public/private rsa key pair.
[   34.691425] cloud-init[664]: Your identification has been saved in /etc/ssh/ssh_host_rsa_key.
[   34.696824] cloud-init[664]: Your public key has been saved in /etc/ssh/ssh_host_rsa_key.pub.
[   34.704149] cloud-init[664]: The key fingerprint is:
[   34.712787] cloud-init[664]: SHA256:HI/OwMwZgUtZ3vwUjq8/e5F2FPf68IdJ6mgzyw7OHhk root@ubuntu-bionic
[   34.720756] cloud-init[664]: The key's randomart image is:
[   34.731833] cloud-init[664]: +---[RSA 2048]----+
[   34.738578] cloud-init[664]: |     +o   .      |
[   34.747216] cloud-init[664]: |    +. + o .  . .|
[   34.753268] cloud-init[664]: |   . .o = o    o.|
[   34.760018] cloud-init[664]: |    .+ + B    . .|
[   34.766033] cloud-init[664]: |      * E +  o . |
[   34.774064] cloud-init[664]: |       + +  + =  |
[   34.782359] cloud-init[664]: |        B  . = * |
[   34.788889] cloud-init[664]: |       o ==.o o +|[[0;32m  OK  [0m] Started Initial cloud-init job (metadata service crawler).
[[0;32m  OK  [0m] Reached target Cloud-config availability.
[[0;32m  OK  [0m] Reached target Network is Online.
[[0;32m  OK  [0m] Reached target Remote File Systems (Pre).
[[0;32m  OK  [0m] Reached target Remote File Systems.
         Starting Availability of block devices...
[[0;32m  OK  [0m] Reached target System Initialization.

[[0;32m  OK  [0m] Listening on ACPID Listen Socket.
         Starting Socket activation for snappy daemon.
[[0;32m  OK  [0m] Started Message of the Day.
[[0;32m  OK  [0m] Started Daily apt download activities.
[[0;32m  OK  [0m] Started Daily Cleanup of Temporary Directories.
[[0;32m  OK  [0m] Listening on D-Bus System Message Bus Socket.
[   34.824292] cloud-init[664]: |       .+oBO.   .|
[   34.859078] cloud-init[664]: +----[SHA256]-----+
[[   34.869045] cloud-init[664]: Generating public/private dsa key pair.
[   34.869694] cloud-init[664]: Your identification has been saved in /etc/ssh/ssh_host_dsa_key.
[   34.869737] cloud-init[664]: Your public key has been saved in /etc/ssh/ssh_host_dsa_key.pub.
[   34.870325] cloud-init[664]: The key fingerprint is:
[   34.870882] cloud-init[664]: SHA256:LKrj3wBhsUNMV4XJcgnX3YTCH6FSSkkW0xil0Bk2KYw root@ubuntu-bionic
[   34.871350] cloud-init[664]: The key's randomart image is:
[   34.872732] cloud-init[664]: +---[DSA 1024]----+
[   34.873338] cloud-init[664]: | o+o+*&^+..=.    |
[   34.875085] cloud-init[664]: | .E++*%*=.+ .    |
[   34.877622] cloud-init[664]: |  =  ++ .o .     |
[   34.879039] cloud-init[664]: | . o   o  .      |
[   34.879470] cloud-init[664]: |  .   . S        |
[   34.879983] cloud-init[664]: |   . . .         |
[   34.881077] cloud-init[664]: |    o            |
[   34.882650] cloud-init[664]: |  .. o           |
[   34.883145] cloud-init[664]: | .oo. .          |
[   34.883655] cloud-init[664]: +----[SHA256]-----+
[   34.884774] cloud-init[664]: Generating public/private ecdsa key pair.
[   34.885300] cloud-init[664]: Your identification has been saved in /etc/ssh/ssh_host_ecdsa_key.
[   34.885807] cloud-init[664]: Your public key has been saved in /etc/ssh/ssh_host_ecdsa_key.pub.
[   34.886314] cloud-init[664]: The key fingerprint is:
[   34.886814] cloud-init[664]: SHA256:wK1VkYsAktd//NWO7KM9jdlD2eJKL793zxB10ATO5Nc root@ubuntu-bionic
[   34.887348] cloud-init[664]: The key's randomart image is:
[   34.887890] cloud-init[664]: +---[ECDSA 256]---+
[   34.890425] cloud-init[664]: |  ...o    oo  ++.|
[   34.890990] cloud-init[664]: |  ....o. ..  = .o|
[   34.891423] cloud-init[664]: |   .  oooo .  +.E|
[   34.891917] cloud-init[664]: |       +o +   .oo|
[   34.893296] cloud-init[664]: |      . S. . o.oo|
[   34.893789] cloud-init[664]: |            . ++o|
[   34.894290] cloud-init[664]: |            .oo* |
[   34.895422] cloud-init[664]: |           ..oB+=|
[   34.895941] cloud-init[664]: |            o===*|
[   34.897014] cloud-init[664]: +----[SHA256]-----+
[   34.897508] cloud-init[664]: Generating public/private ed25519 key pair.
[   34.898028] cloud-init[664]: Your identification has been saved in /etc/ssh/ssh_host_ed25519_key.
[   34.898531] cloud-init[664]: Your public key has been saved in /etc/ssh/ssh_host_ed25519_key.pub.
[   34.899050] cloud-init[664]: The key fingerprint is:
[   34.899533] cloud-init[664]: SHA256:rqVLykMiCDI4uan73cQCKzUECXXtNMcZ6ayUPsxOOGA root@ubuntu-bionic
[   34.900058] cloud-init[664]: The key's randomart image is:
[   34.901220] cloud-init[664]: +--[ED25519 256]--+
[   34.901760] cloud-init[664]: |+o. .. ..+       |
[   34.902336] cloud-init[664]: |.. .  + =        |
[   34.902827] cloud-init[664]: |...  o *         |
[   34.903337] cloud-init[664]: |B.E   + o        |
[   34.903834] cloud-init[664]: |+*+. * .S        |
[   34.904912] cloud-init[664]: |=..++.B.         |
[   34.906985] cloud-init[664]: |o..o.++.o        |
[   34.907438] cloud-init[664]: |.. o.*.+         |
[   34.907970] cloud-init[664]: |.o. +.=.         |
[   34.909089] cloud-init[664]: +----[SHA256]-----+
[0;32m  OK  [0m] Started Discard unused blocks once a week.
[[0;32m  OK  [0m] Listening on Open-iSCSI iscsid Socket.
[[0;32m  OK  [0m] Started ACPI Events Check.
[[0;32m  OK  [0m] Reached target Paths.
         Starting LXD - unix socket.
[[0;32m  OK  [0m] Listening on UUID daemon activation socket.
[[0;32m  OK  [0m] Started Daily apt upgrade and clean activities.
[[0;32m  OK  [0m] Reached target Timers.
[[0;32m  OK  [0m] Started Availability of block devices.
[[0;32m  OK  [0m] Listening on Socket activation for snappy daemon.
[[0;32m  OK  [0m] Listening on LXD - unix socket.
[[0;32m  OK  [0m] Reached target Sockets.
[[0;32m  OK  [0m] Reached target Basic System.
         Starting Permit User Sessions...
         Starting System Logging Service...
         Starting LSB: Record successful boot for GRUB...
         Starting Snap Daemon...
[[0;32m  OK  [0m] Started Deferred execution scheduler.
         Starting LXD - container startup/shutdown...
         Starting Virtualbox guest utils...
[[0;32m  OK  [0m] Started Regular background program processing daemon.
[[0;32m  OK  [0m] Started D-Bus System Message Bus.
         Starting Login Service...
         Starting Pollinate to seed the pseudo random number generator...
         Starting Dispatcher daemon for systemd-networkd...
[[0;32m  OK  [0m] Started irqbalance daemon.
         Starting Accounts Service...
[[0;32m  OK  [0m] Started FUSE filesystem for LXC.
         Starting LSB: automatic crash report generation...
[[0;32m  OK  [0m] Started System Logging Service.
[[0;32m  OK  [0m] Started Permit User Sessions.
[[0;32m  OK  [0m] Started Login Service.
[[0;32m  OK  [0m] Started Unattended Upgrades Shutdown.
         Starting Terminate Plymouth Boot Screen...
         Starting Hold until boot process finishes up...
[[0;32m  OK  [0m] Started Hold until boot process finishes up.
[[0;32m  OK  [0m] Started Terminate Plymouth Boot Screen.
         Starting Set console scheme...
[[0;32m  OK  [0m] Started Serial Getty on ttyS0.
[[0;32m  OK  [0m] Started Set console scheme.
[[0;32m  OK  [0m] Created slice system-getty.slice.
[[0;32m  OK  [0m] Started Getty on tty1.
[[0;32m  OK  [0m] Reached target Login Prompts.
[[0;32m  OK  [0m] Started LSB: automatic crash report generation.
[[0;32m  OK  [0m] Started LSB: Record successful boot for GRUB.
         Starting Authorization Manager...
[[0;32m  OK  [0m] Started Virtualbox guest utils.
[[0;32m  OK  [0m] Started Dispatcher daemon for systemd-networkd.
[[0;32m  OK  [0m] Started Authorization Manager.
[[0;32m  OK  [0m] Started Accounts Service.
[[0;32m  OK  [0m] Started LXD - container startup/shutdown.
[[0;32m  OK  [0m] Started Pollinate to seed the pseudo random number generator.
         Starting OpenBSD Secure Shell server...

Ubuntu 18.04.5 LTS ubuntu-bionic ttyS0

ubuntu-bionic login: [   48.777541] cloud-init[1303]: Cloud-init v. 20.4.1-0ubuntu1~18.04.1 running 'modules:config' at Fri, 05 Mar 2021 20:53:00 +0000. Up 46.47 seconds.
ci-info: no authorized SSH keys fingerprints found for user ubuntu.
<14>Mar  5 20:53:04 ec2: 
<14>Mar  5 20:53:04 ec2: #############################################################
<14>Mar  5 20:53:04 ec2: -----BEGIN SSH HOST KEY FINGERPRINTS-----
<14>Mar  5 20:53:04 ec2: 1024 SHA256:LKrj3wBhsUNMV4XJcgnX3YTCH6FSSkkW0xil0Bk2KYw root@ubuntu-bionic (DSA)
<14>Mar  5 20:53:04 ec2: 256 SHA256:wK1VkYsAktd//NWO7KM9jdlD2eJKL793zxB10ATO5Nc root@ubuntu-bionic (ECDSA)
<14>Mar  5 20:53:04 ec2: 256 SHA256:rqVLykMiCDI4uan73cQCKzUECXXtNMcZ6ayUPsxOOGA root@ubuntu-bionic (ED25519)
<14>Mar  5 20:53:04 ec2: 2048 SHA256:HI/OwMwZgUtZ3vwUjq8/e5F2FPf68IdJ6mgzyw7OHhk root@ubuntu-bionic (RSA)
<14>Mar  5 20:53:04 ec2: -----END SSH HOST KEY FINGERPRINTS-----
<14>Mar  5 20:53:04 ec2: #############################################################
-----BEGIN SSH HOST KEY KEYS-----
ecdsa-sha2-nistp256 AAAAE2VjZHNhLXNoYTItbmlzdHAyNTYAAAAIbmlzdHAyNTYAAABBBCe6L4WqTFZTUXk5NA9seZuGrrFkLtVMQCdNODQemv+VLk0TtaP4uUlBrZrtgGrbRicqm9iC22vOQjY8pApCGzM= root@ubuntu-bionic
ssh-ed25519 AAAAC3NzaC1lZDI1NTE5AAAAIBIY8z+lapc7QHpQJVccaCBftrDghRQw7AFgbLrl3XRo root@ubuntu-bionic
ssh-rsa AAAAB3NzaC1yc2EAAAADAQABAAABAQDDsNPUfFCdxhrjfB79ZnS/55HF1CEAkKcHSlY/NkgTiSIUrc6rIt27GMbMTkQfpdnrvthRLlGg0XNzU68LVFZGtxfOalAbgObXFzsDwVwsIvRxARDtlxc8ALx/y3Ncs2qOMc6kpDOgkUrbf05cUgqm6KKQwrxb9RKAlYDNpfM0W0gUx9zKTmLHmhP9o/S1eV5BPzjI54miNPc5zGrhIev1FMzoHOHMGGlCN+2tS3j6MkqNZ8NCxPDDbBct4zozOiQZk0bnyk4inSu+XqwtiBEFJYvJWR8B9dz8XrHRUcuzCqpwidAOjnEjI8sLV9k6FXtmGRbiQsrRDHemMq8tEJ+P root@ubuntu-bionic
-----END SSH HOST KEY KEYS-----
[   50.038341] cloud-init[1390]: Cloud-init v. 20.4.1-0ubuntu1~18.04.1 running 'modules:final' at Fri, 05 Mar 2021 20:53:03 +0000. Up 49.67 seconds.
[   50.039065] cloud-init[1390]: ci-info: no authorized SSH keys fingerprints found for user ubuntu.
[   50.053010] cloud-init[1390]: Cloud-init v. 20.4.1-0ubuntu1~18.04.1 finished at Fri, 05 Mar 2021 20:53:04 +0000. Datasource DataSourceNoCloud [seed=/dev/sdb][dsmode=net].  Up 50.03 seconds
